<?xml version="1.0" encoding="UTF-8"?>
<!-- Generated by org.testng.reporters.JUnitXMLReporter -->
<testsuite ignored="0" hostname="Bibhu" failures="0" tests="4" name="LibraryTests" time="3.077" errors="0" timestamp="2024-08-08T14:12:20 IST">
  <testcase classname="com.restAssured.apiAuto.Library" name="addBookIntoLibrary" time="2.064"/>
  <testcase classname="com.restAssured.apiAuto.Library" name="getTheBookDetailsById" time="0.435"/>
  <testcase classname="com.restAssured.apiAuto.Library" name="getTheBookDetailsByAuthorName" time="0.266"/>
  <testcase classname="com.restAssured.apiAuto.Library" name="deleteBookFromLibrary" time="0.285"/>
</testsuite> <!-- LibraryTests -->
